<?xml version="1.0" encoding="UTF-8"?>
<testng-results ignored="0" total="1" passed="1" failed="0" skipped="0">
  <reporter-output>
  </reporter-output>
  <suite started-at="2024-02-24T12:43:49 IST" name="Suite" finished-at="2024-02-24T12:44:06 IST" duration-ms="16790">
    <groups>
    </groups>
    <test started-at="2024-02-24T12:43:49 IST" name="Test" finished-at="2024-02-24T12:44:06 IST" duration-ms="16790">
      <class name="Module01_LOGIN_TEST.TC1_SwagLabLoginTest">
        <test-method is-config="true" signature="openBrowser()[pri:0, instance:Module01_LOGIN_TEST.TC1_SwagLabLoginTest@17f9d882]" started-at="2024-02-24T12:43:49 IST" name="openBrowser" finished-at="2024-02-24T12:43:58 IST" duration-ms="8624" status="PASS">
          <reporter-output>
          </reporter-output>
        </test-method> <!-- openBrowser -->
        <test-method is-config="true" signature="loginToApp()[pri:0, instance:Module01_LOGIN_TEST.TC1_SwagLabLoginTest@17f9d882]" started-at="2024-02-24T12:43:58 IST" name="loginToApp" finished-at="2024-02-24T12:44:01 IST" duration-ms="3533" status="PASS">
          <reporter-output>
          </reporter-output>
        </test-method> <!-- loginToApp -->
        <test-method signature="verifyTitle()[pri:0, instance:Module01_LOGIN_TEST.TC1_SwagLabLoginTest@17f9d882]" started-at="2024-02-24T12:44:01 IST" name="verifyTitle" finished-at="2024-02-24T12:44:02 IST" duration-ms="830" status="PASS">
          <reporter-output>
          </reporter-output>
        </test-method> <!-- verifyTitle -->
        <test-method is-config="true" signature="logoutFromApp(org.testng.ITestResult)[pri:0, instance:Module01_LOGIN_TEST.TC1_SwagLabLoginTest@17f9d882]" started-at="2024-02-24T12:44:02 IST" name="logoutFromApp" finished-at="2024-02-24T12:44:05 IST" duration-ms="2481" status="PASS">
          <params>
            <param index="0">
              <value>
                <![CDATA[[TestResult name=verifyTitle status=SUCCESS method=TC1_SwagLabLoginTest.verifyTitle()[pri:0, instance:Module01_LOGIN_TEST.TC1_SwagLabLoginTest@17f9d882] output={null}]]]>
              </value>
            </param>
          </params>
          <reporter-output>
          </reporter-output>
        </test-method> <!-- logoutFromApp -->
        <test-method is-config="true" signature="closeBrowser()[pri:0, instance:Module01_LOGIN_TEST.TC1_SwagLabLoginTest@17f9d882]" started-at="2024-02-24T12:44:05 IST" name="closeBrowser" finished-at="2024-02-24T12:44:06 IST" duration-ms="1276" status="PASS">
          <reporter-output>
          </reporter-output>
        </test-method> <!-- closeBrowser -->
      </class> <!-- Module01_LOGIN_TEST.TC1_SwagLabLoginTest -->
    </test> <!-- Test -->
  </suite> <!-- Suite -->
</testng-results>
